<?xml version="1.0" ?>
<testsuite errors="0" failures="0" name="automation_framwork.testsuits.test_baidu_search.BaiduSearch-20191222194217" tests="2" time="4.656">
	<testcase classname="automation_framwork.testsuits.test_baidu_search.BaiduSearch" name="test_baidu_search" time="1.940"/>
	<testcase classname="automation_framwork.testsuits.test_baidu_search.BaiduSearch" name="test_search2" time="2.716"/>
	<system-out>
<![CDATA[Test Pass.
Test Pass.
]]>	</system-out>
	<system-err>
<![CDATA[]]>	</system-err>
</testsuite>
