<?xml version="1.0" ?>
<testsuite errors="0" failures="0" name="automation_framwork.testsuits.test_get_page_title.GetPageTitle-20191222194217" tests="1" time="0.495">
	<testcase classname="automation_framwork.testsuits.test_get_page_title.GetPageTitle" name="test_get_title" time="0.495"/>
	<system-out>
<![CDATA[Test Pass.
Test Pass.
]]>	</system-out>
	<system-err>
<![CDATA[]]>	</system-err>
</testsuite>
