<?xml version="1.0" ?>
<testsuite errors="0" failures="0" name="testsuits.test_get_page_title.GetPageTitle-20191223213515" tests="1" time="0.488">
	<testcase classname="testsuits.test_get_page_title.GetPageTitle" name="test_get_title" time="0.488"/>
	<system-out>
<![CDATA[Test Pass.
Test Pass.
]]>	</system-out>
	<system-err>
<![CDATA[]]>	</system-err>
</testsuite>
