<?xml version="1.0" ?>
<testsuite errors="0" failures="0" name="testsuits.test_baidu_search.BaiduSearch-20191223213515" tests="2" time="4.736">
	<testcase classname="testsuits.test_baidu_search.BaiduSearch" name="test_baidu_search" time="1.934"/>
	<testcase classname="testsuits.test_baidu_search.BaiduSearch" name="test_search2" time="2.802"/>
	<system-out>
<![CDATA[Test Pass.
Test Pass.
]]>	</system-out>
	<system-err>
<![CDATA[]]>	</system-err>
</testsuite>
